

Started GET "/assets/rails.png" for 127.0.0.1 at 2012-08-24 19:07:52 +0300
Connecting to database specified by database.yml
Served asset /rails.png - 200 OK (3ms)


Started GET "/rails/info/properties" for 127.0.0.1 at 2012-08-24 19:08:25 +0300
Processing by Rails::InfoController#properties as */*
  Rendered inline template (1.4ms)
Completed 200 OK in 20ms (Views: 19.8ms | ActiveRecord: 0.0ms)
Connecting to database specified by database.yml
Connecting to database specified by database.yml
  [1m[36m (0.1ms)[0m  [1mselect sqlite_version(*)[0m
  [1m[35m (1.0ms)[0m  CREATE TABLE "schema_migrations" ("version" varchar(255) NOT NULL) 
  [1m[36m (0.0ms)[0m  [1mPRAGMA index_list("schema_migrations")[0m
  [1m[35m (0.7ms)[0m  CREATE UNIQUE INDEX "unique_schema_migrations" ON "schema_migrations" ("version")
  [1m[36m (0.1ms)[0m  [1mSELECT "schema_migrations"."version" FROM "schema_migrations" [0m
Migrating to CreateUsers (20120824181417)
  [1m[35m (0.0ms)[0m  begin transaction
  [1m[36m (0.3ms)[0m  [1mCREATE TABLE "users" ("id" INTEGER PRIMARY KEY AUTOINCREMENT NOT NULL, "name" varchar(255), "email" varchar(255), "created_at" datetime NOT NULL, "updated_at" datetime NOT NULL) [0m
  [1m[35m (0.1ms)[0m  INSERT INTO "schema_migrations" ("version") VALUES ('20120824181417')
  [1m[36m (0.7ms)[0m  [1mcommit transaction[0m
  [1m[35m (0.2ms)[0m  select sqlite_version(*)
  [1m[36m (0.1ms)[0m  [1mSELECT "schema_migrations"."version" FROM "schema_migrations" [0m
  [1m[35m (0.0ms)[0m  PRAGMA index_list("users")


Started GET "/assets/rails.png" for 127.0.0.1 at 2012-08-24 21:15:56 +0300
Connecting to database specified by database.yml
Served asset /rails.png - 304 Not Modified (11ms)


Started GET "/rails/info/properties" for 127.0.0.1 at 2012-08-24 21:16:03 +0300
  [1m[36m (0.1ms)[0m  [1mSELECT "schema_migrations"."version" FROM "schema_migrations" [0m
Processing by Rails::InfoController#properties as */*
  Rendered inline template (1.5ms)
Completed 200 OK in 7ms (Views: 7.0ms | ActiveRecord: 0.0ms)


Started GET "/users" for 127.0.0.1 at 2012-08-24 21:16:49 +0300
Processing by UsersController#index as HTML
  [1m[35mUser Load (0.1ms)[0m  SELECT "users".* FROM "users" 
  Rendered users/index.html.erb within layouts/application (0.8ms)
Compiled scaffolds.css  (19ms)  (pid 45312)
Compiled users.css  (0ms)  (pid 45312)
Compiled application.css  (50ms)  (pid 45312)
Compiled jquery.js  (3ms)  (pid 45312)
Compiled jquery_ujs.js  (0ms)  (pid 45312)
Compiled users.js  (223ms)  (pid 45312)
Compiled application.js  (266ms)  (pid 45312)
Completed 200 OK in 401ms (Views: 374.0ms | ActiveRecord: 0.3ms)


Started GET "/assets/application.css?body=1" for 127.0.0.1 at 2012-08-24 21:16:50 +0300
Served asset /application.css - 200 OK (4ms)


Started GET "/assets/users.css?body=1" for 127.0.0.1 at 2012-08-24 21:16:50 +0300
Served asset /users.css - 200 OK (1ms)


Started GET "/assets/jquery_ujs.js?body=1" for 127.0.0.1 at 2012-08-24 21:16:50 +0300
Served asset /jquery_ujs.js - 200 OK (1ms)


Started GET "/assets/jquery.js?body=1" for 127.0.0.1 at 2012-08-24 21:16:50 +0300
Served asset /jquery.js - 200 OK (1ms)


Started GET "/assets/scaffolds.css?body=1" for 127.0.0.1 at 2012-08-24 21:16:50 +0300
Served asset /scaffolds.css - 200 OK (1ms)


Started GET "/assets/users.js?body=1" for 127.0.0.1 at 2012-08-24 21:16:50 +0300
Served asset /users.js - 200 OK (1ms)


Started GET "/assets/application.js?body=1" for 127.0.0.1 at 2012-08-24 21:16:50 +0300
Served asset /application.js - 200 OK (3ms)


Started GET "/users/new" for 127.0.0.1 at 2012-08-24 21:16:52 +0300
Processing by UsersController#new as HTML
  Rendered users/_form.html.erb (35.4ms)
  Rendered users/new.html.erb within layouts/application (38.6ms)
Completed 200 OK in 46ms (Views: 41.7ms | ActiveRecord: 0.0ms)


Started POST "/users" for 127.0.0.1 at 2012-08-24 21:17:00 +0300
Processing by UsersController#create as HTML
  Parameters: {"utf8"=>"✓", "authenticity_token"=>"KBKadv9eRo063c4X622S3PbW9g/jt/GGydUXroWows0=", "user"=>{"name"=>"admin", "email"=>"admin@admin.ru"}, "commit"=>"Create User"}
  [1m[36m (0.1ms)[0m  [1mbegin transaction[0m
  [1m[35mSQL (20.6ms)[0m  INSERT INTO "users" ("created_at", "email", "name", "updated_at") VALUES (?, ?, ?, ?)  [["created_at", Fri, 24 Aug 2012 18:17:00 UTC +00:00], ["email", "admin@admin.ru"], ["name", "admin"], ["updated_at", Fri, 24 Aug 2012 18:17:00 UTC +00:00]]
  [1m[36m (0.7ms)[0m  [1mcommit transaction[0m
Redirected to http://localhost:3000/users/1
Completed 302 Found in 25ms (ActiveRecord: 21.4ms)


Started GET "/users/1" for 127.0.0.1 at 2012-08-24 21:17:00 +0300
Processing by UsersController#show as HTML
  Parameters: {"id"=>"1"}
  [1m[35mUser Load (0.2ms)[0m  SELECT "users".* FROM "users" WHERE "users"."id" = ? LIMIT 1  [["id", "1"]]
  Rendered users/show.html.erb within layouts/application (0.9ms)
Completed 200 OK in 6ms (Views: 4.1ms | ActiveRecord: 0.2ms)


Started GET "/users/1/edit" for 127.0.0.1 at 2012-08-24 21:17:02 +0300
Processing by UsersController#edit as HTML
  Parameters: {"id"=>"1"}
  [1m[36mUser Load (0.1ms)[0m  [1mSELECT "users".* FROM "users" WHERE "users"."id" = ? LIMIT 1[0m  [["id", "1"]]
  Rendered users/_form.html.erb (2.1ms)
  Rendered users/edit.html.erb within layouts/application (3.4ms)
Completed 200 OK in 8ms (Views: 7.0ms | ActiveRecord: 0.1ms)


Started GET "/users/1" for 127.0.0.1 at 2012-08-24 21:17:05 +0300
Processing by UsersController#show as HTML
  Parameters: {"id"=>"1"}
  [1m[35mUser Load (0.1ms)[0m  SELECT "users".* FROM "users" WHERE "users"."id" = ? LIMIT 1  [["id", "1"]]
  Rendered users/show.html.erb within layouts/application (0.4ms)
Completed 200 OK in 4ms (Views: 3.3ms | ActiveRecord: 0.1ms)


Started GET "/assets/users.css?body=1" for 127.0.0.1 at 2012-08-24 21:17:05 +0300
Served asset /users.css - 304 Not Modified (0ms)


Started GET "/assets/scaffolds.css?body=1" for 127.0.0.1 at 2012-08-24 21:17:05 +0300
Served asset /scaffolds.css - 304 Not Modified (0ms)


Started GET "/assets/users.js?body=1" for 127.0.0.1 at 2012-08-24 21:17:05 +0300
Served asset /users.js - 304 Not Modified (0ms)


Started GET "/users/1/edit" for 127.0.0.1 at 2012-08-24 21:17:06 +0300
Processing by UsersController#edit as HTML
  Parameters: {"id"=>"1"}
  [1m[36mUser Load (0.1ms)[0m  [1mSELECT "users".* FROM "users" WHERE "users"."id" = ? LIMIT 1[0m  [["id", "1"]]
  Rendered users/_form.html.erb (1.3ms)
  Rendered users/edit.html.erb within layouts/application (2.1ms)
Completed 200 OK in 5ms (Views: 4.8ms | ActiveRecord: 0.1ms)


Started GET "/assets/scaffolds.css?body=1" for 127.0.0.1 at 2012-08-24 21:17:06 +0300
Served asset /scaffolds.css - 304 Not Modified (0ms)


Started GET "/assets/users.css?body=1" for 127.0.0.1 at 2012-08-24 21:17:06 +0300
Served asset /users.css - 304 Not Modified (0ms)


Started GET "/assets/users.js?body=1" for 127.0.0.1 at 2012-08-24 21:17:06 +0300
Served asset /users.js - 304 Not Modified (0ms)


Started GET "/users" for 127.0.0.1 at 2012-08-24 21:17:07 +0300
Processing by UsersController#index as HTML
  [1m[35mUser Load (0.1ms)[0m  SELECT "users".* FROM "users" 
  Rendered users/index.html.erb within layouts/application (0.7ms)
Completed 200 OK in 4ms (Views: 3.6ms | ActiveRecord: 0.1ms)


Started GET "/assets/scaffolds.css?body=1" for 127.0.0.1 at 2012-08-24 21:17:07 +0300
Served asset /scaffolds.css - 304 Not Modified (0ms)


Started GET "/assets/users.js?body=1" for 127.0.0.1 at 2012-08-24 21:17:07 +0300
Served asset /users.js - 304 Not Modified (0ms)


Started GET "/assets/users.css?body=1" for 127.0.0.1 at 2012-08-24 21:17:07 +0300
Served asset /users.css - 304 Not Modified (0ms)


Started GET "/users/1" for 127.0.0.1 at 2012-08-24 21:17:38 +0300
Processing by UsersController#show as HTML
  Parameters: {"id"=>"1"}
  [1m[36mUser Load (0.1ms)[0m  [1mSELECT "users".* FROM "users" WHERE "users"."id" = ? LIMIT 1[0m  [["id", "1"]]
  Rendered users/show.html.erb within layouts/application (0.4ms)
Completed 200 OK in 4ms (Views: 3.5ms | ActiveRecord: 0.1ms)


Started GET "/assets/users.css?body=1" for 127.0.0.1 at 2012-08-24 21:17:38 +0300
Served asset /users.css - 304 Not Modified (0ms)


Started GET "/assets/scaffolds.css?body=1" for 127.0.0.1 at 2012-08-24 21:17:38 +0300
Served asset /scaffolds.css - 304 Not Modified (0ms)


Started GET "/assets/users.js?body=1" for 127.0.0.1 at 2012-08-24 21:17:38 +0300
Served asset /users.js - 304 Not Modified (0ms)


Started GET "/users" for 127.0.0.1 at 2012-08-24 21:18:02 +0300
Processing by UsersController#index as HTML
  [1m[35mUser Load (0.1ms)[0m  SELECT "users".* FROM "users" 
  Rendered users/index.html.erb within layouts/application (0.7ms)
Completed 200 OK in 4ms (Views: 3.5ms | ActiveRecord: 0.1ms)


Started GET "/assets/scaffolds.css?body=1" for 127.0.0.1 at 2012-08-24 21:18:02 +0300
Served asset /scaffolds.css - 304 Not Modified (0ms)


Started GET "/assets/users.css?body=1" for 127.0.0.1 at 2012-08-24 21:18:02 +0300
Served asset /users.css - 304 Not Modified (0ms)


Started GET "/assets/users.js?body=1" for 127.0.0.1 at 2012-08-24 21:18:02 +0300
Served asset /users.js - 304 Not Modified (0ms)


Started GET "/users/new" for 127.0.0.1 at 2012-08-24 21:18:03 +0300
Processing by UsersController#new as HTML
  Rendered users/_form.html.erb (1.2ms)
  Rendered users/new.html.erb within layouts/application (1.6ms)
Completed 200 OK in 5ms (Views: 5.2ms | ActiveRecord: 0.0ms)


Started GET "/assets/users.js?body=1" for 127.0.0.1 at 2012-08-24 21:18:03 +0300
Served asset /users.js - 304 Not Modified (0ms)


Started GET "/assets/users.css?body=1" for 127.0.0.1 at 2012-08-24 21:18:03 +0300
Served asset /users.css - 304 Not Modified (0ms)


Started GET "/assets/scaffolds.css?body=1" for 127.0.0.1 at 2012-08-24 21:18:03 +0300
Served asset /scaffolds.css - 304 Not Modified (0ms)


Started POST "/users" for 127.0.0.1 at 2012-08-24 21:18:03 +0300
Processing by UsersController#create as HTML
  Parameters: {"utf8"=>"✓", "authenticity_token"=>"KBKadv9eRo063c4X622S3PbW9g/jt/GGydUXroWows0=", "user"=>{"name"=>"", "email"=>""}, "commit"=>"Create User"}
  [1m[36m (0.0ms)[0m  [1mbegin transaction[0m
  [1m[35mSQL (0.3ms)[0m  INSERT INTO "users" ("created_at", "email", "name", "updated_at") VALUES (?, ?, ?, ?)  [["created_at", Fri, 24 Aug 2012 18:18:03 UTC +00:00], ["email", ""], ["name", ""], ["updated_at", Fri, 24 Aug 2012 18:18:03 UTC +00:00]]
  [1m[36m (1.2ms)[0m  [1mcommit transaction[0m
Redirected to http://localhost:3000/users/2
Completed 302 Found in 3ms (ActiveRecord: 1.6ms)


Started GET "/users/2" for 127.0.0.1 at 2012-08-24 21:18:04 +0300
Processing by UsersController#show as HTML
  Parameters: {"id"=>"2"}
  [1m[35mUser Load (0.1ms)[0m  SELECT "users".* FROM "users" WHERE "users"."id" = ? LIMIT 1  [["id", "2"]]
  Rendered users/show.html.erb within layouts/application (0.4ms)
Completed 200 OK in 23ms (Views: 22.8ms | ActiveRecord: 0.1ms)


Started GET "/assets/scaffolds.css?body=1" for 127.0.0.1 at 2012-08-24 21:18:04 +0300
Served asset /scaffolds.css - 304 Not Modified (0ms)


Started GET "/assets/users.css?body=1" for 127.0.0.1 at 2012-08-24 21:18:04 +0300
Served asset /users.css - 304 Not Modified (0ms)


Started GET "/assets/users.js?body=1" for 127.0.0.1 at 2012-08-24 21:18:04 +0300
Served asset /users.js - 304 Not Modified (0ms)


Started GET "/users" for 127.0.0.1 at 2012-08-24 21:18:44 +0300
Processing by UsersController#index as HTML
  [1m[36mUser Load (0.1ms)[0m  [1mSELECT "users".* FROM "users" [0m
  Rendered users/index.html.erb within layouts/application (1.4ms)
Completed 200 OK in 5ms (Views: 4.4ms | ActiveRecord: 0.1ms)


Started GET "/assets/scaffolds.css?body=1" for 127.0.0.1 at 2012-08-24 21:18:44 +0300
Served asset /scaffolds.css - 304 Not Modified (0ms)


Started GET "/assets/users.js?body=1" for 127.0.0.1 at 2012-08-24 21:18:44 +0300
Served asset /users.js - 304 Not Modified (0ms)


Started GET "/assets/users.css?body=1" for 127.0.0.1 at 2012-08-24 21:18:44 +0300
Served asset /users.css - 304 Not Modified (0ms)


Started GET "/users/new" for 127.0.0.1 at 2012-08-24 21:18:45 +0300
Processing by UsersController#new as HTML
  Rendered users/_form.html.erb (1.3ms)
  Rendered users/new.html.erb within layouts/application (1.8ms)
Completed 200 OK in 5ms (Views: 4.4ms | ActiveRecord: 0.0ms)


Started GET "/assets/users.css?body=1" for 127.0.0.1 at 2012-08-24 21:18:45 +0300
Served asset /users.css - 304 Not Modified (0ms)


Started GET "/assets/users.js?body=1" for 127.0.0.1 at 2012-08-24 21:18:45 +0300
Served asset /users.js - 304 Not Modified (0ms)


Started GET "/assets/scaffolds.css?body=1" for 127.0.0.1 at 2012-08-24 21:18:45 +0300
Served asset /scaffolds.css - 304 Not Modified (0ms)


Started GET "/users/2/edit" for 127.0.0.1 at 2012-08-24 21:18:48 +0300
Processing by UsersController#edit as HTML
  Parameters: {"id"=>"2"}
  [1m[35mUser Load (0.1ms)[0m  SELECT "users".* FROM "users" WHERE "users"."id" = ? LIMIT 1  [["id", "2"]]
  Rendered users/_form.html.erb (1.3ms)
  Rendered users/edit.html.erb within layouts/application (2.2ms)
Completed 200 OK in 6ms (Views: 5.0ms | ActiveRecord: 0.1ms)


Started GET "/assets/scaffolds.css?body=1" for 127.0.0.1 at 2012-08-24 21:18:48 +0300
Served asset /scaffolds.css - 304 Not Modified (0ms)


Started GET "/assets/users.js?body=1" for 127.0.0.1 at 2012-08-24 21:18:48 +0300
Served asset /users.js - 304 Not Modified (0ms)


Started GET "/assets/users.css?body=1" for 127.0.0.1 at 2012-08-24 21:18:48 +0300
Served asset /users.css - 304 Not Modified (0ms)


Started PUT "/users/2" for 127.0.0.1 at 2012-08-24 21:18:57 +0300
Processing by UsersController#update as HTML
  Parameters: {"utf8"=>"✓", "authenticity_token"=>"KBKadv9eRo063c4X622S3PbW9g/jt/GGydUXroWows0=", "user"=>{"name"=>"Onotole", "email"=>"onotole@ya.ru"}, "commit"=>"Update User", "id"=>"2"}
  [1m[36mUser Load (0.1ms)[0m  [1mSELECT "users".* FROM "users" WHERE "users"."id" = ? LIMIT 1[0m  [["id", "2"]]
  [1m[35m (0.0ms)[0m  begin transaction
  [1m[36m (0.4ms)[0m  [1mUPDATE "users" SET "name" = 'Onotole', "email" = 'onotole@ya.ru', "updated_at" = '2012-08-24 18:18:57.386413' WHERE "users"."id" = 2[0m
  [1m[35m (0.7ms)[0m  commit transaction
Redirected to http://localhost:3000/users/2
Completed 302 Found in 5ms (ActiveRecord: 1.3ms)


Started GET "/users/2" for 127.0.0.1 at 2012-08-24 21:18:57 +0300
Processing by UsersController#show as HTML
  Parameters: {"id"=>"2"}
  [1m[36mUser Load (0.1ms)[0m  [1mSELECT "users".* FROM "users" WHERE "users"."id" = ? LIMIT 1[0m  [["id", "2"]]
  Rendered users/show.html.erb within layouts/application (0.4ms)
Completed 200 OK in 4ms (Views: 3.3ms | ActiveRecord: 0.1ms)


Started GET "/assets/scaffolds.css?body=1" for 127.0.0.1 at 2012-08-24 21:18:57 +0300
Served asset /scaffolds.css - 304 Not Modified (0ms)


Started GET "/assets/users.js?body=1" for 127.0.0.1 at 2012-08-24 21:18:57 +0300
Served asset /users.js - 304 Not Modified (0ms)


Started GET "/assets/users.css?body=1" for 127.0.0.1 at 2012-08-24 21:18:57 +0300
Served asset /users.css - 304 Not Modified (0ms)


Started GET "/users" for 127.0.0.1 at 2012-08-24 21:19:00 +0300
Processing by UsersController#index as HTML
  [1m[35mUser Load (0.1ms)[0m  SELECT "users".* FROM "users" 
  Rendered users/index.html.erb within layouts/application (1.2ms)
Completed 200 OK in 5ms (Views: 4.3ms | ActiveRecord: 0.1ms)


Started GET "/assets/scaffolds.css?body=1" for 127.0.0.1 at 2012-08-24 21:19:00 +0300
Served asset /scaffolds.css - 304 Not Modified (0ms)


Started GET "/assets/users.js?body=1" for 127.0.0.1 at 2012-08-24 21:19:00 +0300
Served asset /users.js - 304 Not Modified (0ms)


Started GET "/assets/users.css?body=1" for 127.0.0.1 at 2012-08-24 21:19:00 +0300
Served asset /users.css - 304 Not Modified (0ms)


Started DELETE "/users/2" for 127.0.0.1 at 2012-08-24 21:19:12 +0300
Processing by UsersController#destroy as HTML
  Parameters: {"authenticity_token"=>"KBKadv9eRo063c4X622S3PbW9g/jt/GGydUXroWows0=", "id"=>"2"}
  [1m[36mUser Load (0.1ms)[0m  [1mSELECT "users".* FROM "users" WHERE "users"."id" = ? LIMIT 1[0m  [["id", "2"]]
  [1m[35m (0.0ms)[0m  begin transaction
  [1m[36mSQL (0.2ms)[0m  [1mDELETE FROM "users" WHERE "users"."id" = ?[0m  [["id", 2]]
  [1m[35m (0.7ms)[0m  commit transaction
Redirected to http://localhost:3000/users
Completed 302 Found in 3ms (ActiveRecord: 1.1ms)


Started GET "/users" for 127.0.0.1 at 2012-08-24 21:19:12 +0300
Processing by UsersController#index as HTML
  [1m[36mUser Load (0.1ms)[0m  [1mSELECT "users".* FROM "users" [0m
  Rendered users/index.html.erb within layouts/application (0.9ms)
Completed 200 OK in 4ms (Views: 3.9ms | ActiveRecord: 0.1ms)


Started GET "/assets/scaffolds.css?body=1" for 127.0.0.1 at 2012-08-24 21:19:12 +0300
Served asset /scaffolds.css - 304 Not Modified (0ms)


Started GET "/assets/users.js?body=1" for 127.0.0.1 at 2012-08-24 21:19:12 +0300
Served asset /users.js - 304 Not Modified (0ms)


Started GET "/assets/users.css?body=1" for 127.0.0.1 at 2012-08-24 21:19:12 +0300
Served asset /users.css - 304 Not Modified (0ms)


Started GET "/users/new" for 127.0.0.1 at 2012-08-24 21:19:14 +0300
Processing by UsersController#new as HTML
  Rendered users/_form.html.erb (1.4ms)
  Rendered users/new.html.erb within layouts/application (2.0ms)
Completed 200 OK in 5ms (Views: 5.0ms | ActiveRecord: 0.0ms)


Started GET "/assets/scaffolds.css?body=1" for 127.0.0.1 at 2012-08-24 21:19:14 +0300
Served asset /scaffolds.css - 304 Not Modified (0ms)


Started GET "/assets/users.css?body=1" for 127.0.0.1 at 2012-08-24 21:19:14 +0300
Served asset /users.css - 304 Not Modified (0ms)


Started GET "/assets/users.js?body=1" for 127.0.0.1 at 2012-08-24 21:19:14 +0300
Served asset /users.js - 304 Not Modified (0ms)


Started GET "/users/1" for 127.0.0.1 at 2012-08-24 21:23:32 +0300
Processing by UsersController#show as HTML
  Parameters: {"id"=>"1"}
  [1m[35mUser Load (0.1ms)[0m  SELECT "users".* FROM "users" WHERE "users"."id" = ? LIMIT 1  [["id", "1"]]
  Rendered users/show.html.erb within layouts/application (0.4ms)
Completed 200 OK in 4ms (Views: 3.5ms | ActiveRecord: 0.1ms)


Started GET "/assets/scaffolds.css?body=1" for 127.0.0.1 at 2012-08-24 21:23:32 +0300
Served asset /scaffolds.css - 304 Not Modified (0ms)


Started GET "/assets/users.css?body=1" for 127.0.0.1 at 2012-08-24 21:23:32 +0300
Served asset /users.css - 304 Not Modified (0ms)


Started GET "/assets/users.js?body=1" for 127.0.0.1 at 2012-08-24 21:23:32 +0300
Served asset /users.js - 304 Not Modified (0ms)


Started GET "/users" for 127.0.0.1 at 2012-08-24 21:23:33 +0300
Processing by UsersController#index as HTML
  [1m[36mUser Load (0.1ms)[0m  [1mSELECT "users".* FROM "users" [0m
  Rendered users/index.html.erb within layouts/application (0.7ms)
Completed 200 OK in 4ms (Views: 4.0ms | ActiveRecord: 0.1ms)


Started GET "/assets/scaffolds.css?body=1" for 127.0.0.1 at 2012-08-24 21:23:33 +0300
Served asset /scaffolds.css - 304 Not Modified (0ms)


Started GET "/assets/users.css?body=1" for 127.0.0.1 at 2012-08-24 21:23:33 +0300
Served asset /users.css - 304 Not Modified (0ms)


Started GET "/assets/users.js?body=1" for 127.0.0.1 at 2012-08-24 21:23:33 +0300
Served asset /users.js - 304 Not Modified (0ms)


Started GET "/users" for 127.0.0.1 at 2012-08-24 21:23:36 +0300
Processing by UsersController#index as HTML
  [1m[35mUser Load (0.1ms)[0m  SELECT "users".* FROM "users" 
  Rendered users/index.html.erb within layouts/application (0.7ms)
Completed 200 OK in 4ms (Views: 3.7ms | ActiveRecord: 0.1ms)


Started GET "/assets/application.css?body=1" for 127.0.0.1 at 2012-08-24 21:23:36 +0300
Served asset /application.css - 304 Not Modified (0ms)


Started GET "/assets/scaffolds.css?body=1" for 127.0.0.1 at 2012-08-24 21:23:36 +0300
Served asset /scaffolds.css - 304 Not Modified (0ms)


Started GET "/assets/jquery_ujs.js?body=1" for 127.0.0.1 at 2012-08-24 21:23:36 +0300
Served asset /jquery_ujs.js - 304 Not Modified (0ms)


Started GET "/assets/users.css?body=1" for 127.0.0.1 at 2012-08-24 21:23:36 +0300
Served asset /users.css - 304 Not Modified (0ms)


Started GET "/assets/jquery.js?body=1" for 127.0.0.1 at 2012-08-24 21:23:36 +0300
Served asset /jquery.js - 304 Not Modified (0ms)


Started GET "/assets/users.js?body=1" for 127.0.0.1 at 2012-08-24 21:23:36 +0300
Served asset /users.js - 304 Not Modified (0ms)


Started GET "/assets/application.js?body=1" for 127.0.0.1 at 2012-08-24 21:23:36 +0300
Served asset /application.js - 304 Not Modified (0ms)
Connecting to database specified by database.yml
Connecting to database specified by database.yml


Started GET "/users/1" for 127.0.0.1 at 2012-08-24 21:53:18 +0300
Connecting to database specified by database.yml
Processing by UsersController#show as HTML
  Parameters: {"id"=>"1"}
  [1m[36mUser Load (0.1ms)[0m  [1mSELECT "users".* FROM "users" WHERE "users"."id" = ? LIMIT 1[0m  [["id", "1"]]
  Rendered users/show.html.erb within layouts/application (1.9ms)
Compiled microposts.css  (3ms)  (pid 45975)
Compiled application.css  (23ms)  (pid 45975)
Compiled microposts.js  (47ms)  (pid 45975)
Compiled application.js  (54ms)  (pid 45975)
Completed 200 OK in 189ms (Views: 159.2ms | ActiveRecord: 1.3ms)


Started GET "/assets/application.css?body=1" for 127.0.0.1 at 2012-08-24 21:53:19 +0300
Served asset /application.css - 304 Not Modified (4ms)


Started GET "/assets/scaffolds.css?body=1" for 127.0.0.1 at 2012-08-24 21:53:19 +0300
Served asset /scaffolds.css - 304 Not Modified (1ms)


Started GET "/assets/jquery_ujs.js?body=1" for 127.0.0.1 at 2012-08-24 21:53:19 +0300
Served asset /jquery_ujs.js - 304 Not Modified (19ms)


Started GET "/assets/jquery.js?body=1" for 127.0.0.1 at 2012-08-24 21:53:19 +0300
Served asset /jquery.js - 304 Not Modified (2ms)


Started GET "/assets/microposts.css?body=1" for 127.0.0.1 at 2012-08-24 21:53:19 +0300
Served asset /microposts.css - 200 OK (1ms)


Started GET "/assets/users.css?body=1" for 127.0.0.1 at 2012-08-24 21:53:19 +0300
Served asset /users.css - 304 Not Modified (1ms)


Started GET "/assets/microposts.js?body=1" for 127.0.0.1 at 2012-08-24 21:53:19 +0300
Served asset /microposts.js - 200 OK (1ms)


Started GET "/assets/users.js?body=1" for 127.0.0.1 at 2012-08-24 21:53:19 +0300
Served asset /users.js - 304 Not Modified (1ms)


Started GET "/assets/application.js?body=1" for 127.0.0.1 at 2012-08-24 21:53:19 +0300
Served asset /application.js - 304 Not Modified (3ms)


Started GET "/microposts" for 127.0.0.1 at 2012-08-24 21:53:27 +0300
Processing by MicropostsController#index as HTML
Completed 500 Internal Server Error in 1ms

ActiveRecord::StatementInvalid (Could not find table 'microposts'):
  app/controllers/microposts_controller.rb:5:in `index'


  Rendered /Users/bender/.rvm/gems/ruby-1.9.3-p194/gems/actionpack-3.2.8/lib/action_dispatch/middleware/templates/rescues/_trace.erb (1.0ms)
  Rendered /Users/bender/.rvm/gems/ruby-1.9.3-p194/gems/actionpack-3.2.8/lib/action_dispatch/middleware/templates/rescues/_request_and_response.erb (0.7ms)
  Rendered /Users/bender/.rvm/gems/ruby-1.9.3-p194/gems/actionpack-3.2.8/lib/action_dispatch/middleware/templates/rescues/diagnostics.erb within rescues/layout (7.2ms)
Connecting to database specified by database.yml
  [1m[36m (0.1ms)[0m  [1mSELECT "schema_migrations"."version" FROM "schema_migrations" [0m
Migrating to CreateUsers (20120824181417)
Migrating to CreateMicroposts (20120824183757)
  [1m[35m (0.0ms)[0m  select sqlite_version(*)
  [1m[36m (0.0ms)[0m  [1mbegin transaction[0m
  [1m[35m (0.4ms)[0m  CREATE TABLE "microposts" ("id" INTEGER PRIMARY KEY AUTOINCREMENT NOT NULL, "content" varchar(255), "user_id" integer, "created_at" datetime NOT NULL, "updated_at" datetime NOT NULL) 
  [1m[36m (0.1ms)[0m  [1mINSERT INTO "schema_migrations" ("version") VALUES ('20120824183757')[0m
  [1m[35m (0.9ms)[0m  commit transaction
  [1m[36m (0.2ms)[0m  [1mselect sqlite_version(*)[0m
  [1m[35m (0.1ms)[0m  SELECT "schema_migrations"."version" FROM "schema_migrations" 
  [1m[36m (0.0ms)[0m  [1mPRAGMA index_list("microposts")[0m
  [1m[35m (0.0ms)[0m  PRAGMA index_list("users")


Started GET "/microposts" for 127.0.0.1 at 2012-08-24 21:53:53 +0300
Connecting to database specified by database.yml
Processing by MicropostsController#index as HTML
  [1m[36mMicropost Load (0.1ms)[0m  [1mSELECT "microposts".* FROM "microposts" [0m
  Rendered microposts/index.html.erb within layouts/application (1.7ms)
Completed 200 OK in 48ms (Views: 22.6ms | ActiveRecord: 1.2ms)


Started GET "/assets/application.css?body=1" for 127.0.0.1 at 2012-08-24 21:53:54 +0300
Served asset /application.css - 304 Not Modified (3ms)


Started GET "/assets/microposts.css?body=1" for 127.0.0.1 at 2012-08-24 21:53:54 +0300
Served asset /microposts.css - 304 Not Modified (1ms)


Started GET "/assets/users.css?body=1" for 127.0.0.1 at 2012-08-24 21:53:54 +0300
Served asset /users.css - 304 Not Modified (1ms)


Started GET "/assets/scaffolds.css?body=1" for 127.0.0.1 at 2012-08-24 21:53:54 +0300
Served asset /scaffolds.css - 304 Not Modified (3ms)


Started GET "/assets/microposts.js?body=1" for 127.0.0.1 at 2012-08-24 21:53:54 +0300
Served asset /microposts.js - 304 Not Modified (1ms)


Started GET "/assets/jquery_ujs.js?body=1" for 127.0.0.1 at 2012-08-24 21:53:54 +0300
Served asset /jquery_ujs.js - 304 Not Modified (1ms)


Started GET "/assets/jquery.js?body=1" for 127.0.0.1 at 2012-08-24 21:53:54 +0300
Served asset /jquery.js - 304 Not Modified (2ms)


Started GET "/assets/application.js?body=1" for 127.0.0.1 at 2012-08-24 21:53:54 +0300
Served asset /application.js - 304 Not Modified (5ms)


Started GET "/assets/users.js?body=1" for 127.0.0.1 at 2012-08-24 21:53:54 +0300
Served asset /users.js - 304 Not Modified (1ms)


Started GET "/microposts/new" for 127.0.0.1 at 2012-08-24 21:53:56 +0300
Processing by MicropostsController#new as HTML
  Rendered microposts/_form.html.erb (33.9ms)
  Rendered microposts/new.html.erb within layouts/application (50.0ms)
Completed 200 OK in 72ms (Views: 54.2ms | ActiveRecord: 0.0ms)


Started GET "/assets/application.css?body=1" for 127.0.0.1 at 2012-08-24 21:53:56 +0300
Served asset /application.css - 304 Not Modified (0ms)


Started GET "/assets/users.css?body=1" for 127.0.0.1 at 2012-08-24 21:53:56 +0300
Served asset /users.css - 304 Not Modified (0ms)


Started GET "/assets/scaffolds.css?body=1" for 127.0.0.1 at 2012-08-24 21:53:56 +0300
Served asset /scaffolds.css - 304 Not Modified (0ms)


Started GET "/assets/jquery_ujs.js?body=1" for 127.0.0.1 at 2012-08-24 21:53:56 +0300
Served asset /jquery_ujs.js - 304 Not Modified (0ms)


Started GET "/assets/jquery.js?body=1" for 127.0.0.1 at 2012-08-24 21:53:56 +0300
Served asset /jquery.js - 304 Not Modified (0ms)


Started GET "/assets/microposts.css?body=1" for 127.0.0.1 at 2012-08-24 21:53:56 +0300
Served asset /microposts.css - 304 Not Modified (0ms)


Started GET "/assets/microposts.js?body=1" for 127.0.0.1 at 2012-08-24 21:53:56 +0300
Served asset /microposts.js - 304 Not Modified (0ms)


Started GET "/assets/application.js?body=1" for 127.0.0.1 at 2012-08-24 21:53:56 +0300
Served asset /application.js - 304 Not Modified (0ms)


Started GET "/assets/users.js?body=1" for 127.0.0.1 at 2012-08-24 21:53:56 +0300
Served asset /users.js - 304 Not Modified (0ms)


Started POST "/microposts" for 127.0.0.1 at 2012-08-24 21:54:09 +0300
Processing by MicropostsController#create as HTML
  Parameters: {"utf8"=>"✓", "authenticity_token"=>"KBKadv9eRo063c4X622S3PbW9g/jt/GGydUXroWows0=", "micropost"=>{"content"=>"Trollollo", "user_id"=>"1"}, "commit"=>"Create Micropost"}
  [1m[35m (0.1ms)[0m  begin transaction
  [1m[36mSQL (40.5ms)[0m  [1mINSERT INTO "microposts" ("content", "created_at", "updated_at", "user_id") VALUES (?, ?, ?, ?)[0m  [["content", "Trollollo"], ["created_at", Fri, 24 Aug 2012 18:54:09 UTC +00:00], ["updated_at", Fri, 24 Aug 2012 18:54:09 UTC +00:00], ["user_id", 1]]
  [1m[35m (0.8ms)[0m  commit transaction
Redirected to http://localhost:3000/microposts/1
Completed 302 Found in 44ms (ActiveRecord: 41.3ms)


Started GET "/microposts/1" for 127.0.0.1 at 2012-08-24 21:54:09 +0300
Processing by MicropostsController#show as HTML
  Parameters: {"id"=>"1"}
  [1m[36mMicropost Load (0.2ms)[0m  [1mSELECT "microposts".* FROM "microposts" WHERE "microposts"."id" = ? LIMIT 1[0m  [["id", "1"]]
  Rendered microposts/show.html.erb within layouts/application (0.8ms)
Completed 200 OK in 6ms (Views: 4.6ms | ActiveRecord: 0.2ms)


Started GET "/assets/application.css?body=1" for 127.0.0.1 at 2012-08-24 21:54:09 +0300
Served asset /application.css - 304 Not Modified (0ms)


Started GET "/assets/microposts.css?body=1" for 127.0.0.1 at 2012-08-24 21:54:09 +0300
Served asset /microposts.css - 304 Not Modified (0ms)


Started GET "/assets/users.css?body=1" for 127.0.0.1 at 2012-08-24 21:54:09 +0300
Served asset /users.css - 304 Not Modified (0ms)


Started GET "/assets/scaffolds.css?body=1" for 127.0.0.1 at 2012-08-24 21:54:09 +0300
Served asset /scaffolds.css - 304 Not Modified (0ms)


Started GET "/assets/jquery_ujs.js?body=1" for 127.0.0.1 at 2012-08-24 21:54:09 +0300
Served asset /jquery_ujs.js - 304 Not Modified (0ms)


Started GET "/assets/jquery.js?body=1" for 127.0.0.1 at 2012-08-24 21:54:09 +0300
Served asset /jquery.js - 304 Not Modified (0ms)


Started GET "/assets/microposts.js?body=1" for 127.0.0.1 at 2012-08-24 21:54:09 +0300
Served asset /microposts.js - 304 Not Modified (0ms)


Started GET "/assets/users.js?body=1" for 127.0.0.1 at 2012-08-24 21:54:09 +0300
Served asset /users.js - 304 Not Modified (0ms)


Started GET "/assets/application.js?body=1" for 127.0.0.1 at 2012-08-24 21:54:09 +0300
Served asset /application.js - 304 Not Modified (0ms)


Started GET "/microposts" for 127.0.0.1 at 2012-08-24 22:08:55 +0300
Processing by MicropostsController#index as HTML
  [1m[35mMicropost Load (0.1ms)[0m  SELECT "microposts".* FROM "microposts" 
  Rendered microposts/index.html.erb within layouts/application (1.3ms)
Completed 200 OK in 48ms (Views: 47.4ms | ActiveRecord: 0.1ms)


Started GET "/assets/application.css?body=1" for 127.0.0.1 at 2012-08-24 22:08:55 +0300
Served asset /application.css - 304 Not Modified (0ms)


Started GET "/assets/microposts.css?body=1" for 127.0.0.1 at 2012-08-24 22:08:55 +0300
Served asset /microposts.css - 304 Not Modified (0ms)


Started GET "/assets/users.css?body=1" for 127.0.0.1 at 2012-08-24 22:08:55 +0300
Served asset /users.css - 304 Not Modified (0ms)


Started GET "/assets/scaffolds.css?body=1" for 127.0.0.1 at 2012-08-24 22:08:55 +0300
Served asset /scaffolds.css - 304 Not Modified (0ms)


Started GET "/assets/jquery_ujs.js?body=1" for 127.0.0.1 at 2012-08-24 22:08:55 +0300
Served asset /jquery_ujs.js - 304 Not Modified (0ms)


Started GET "/assets/jquery.js?body=1" for 127.0.0.1 at 2012-08-24 22:08:55 +0300
Served asset /jquery.js - 304 Not Modified (0ms)


Started GET "/assets/users.js?body=1" for 127.0.0.1 at 2012-08-24 22:08:55 +0300
Served asset /users.js - 304 Not Modified (0ms)


Started GET "/assets/microposts.js?body=1" for 127.0.0.1 at 2012-08-24 22:08:55 +0300
Served asset /microposts.js - 304 Not Modified (0ms)


Started GET "/assets/application.js?body=1" for 127.0.0.1 at 2012-08-24 22:08:55 +0300
Served asset /application.js - 304 Not Modified (0ms)


Started GET "/microposts/new" for 127.0.0.1 at 2012-08-24 22:08:58 +0300
Processing by MicropostsController#new as HTML
  Rendered microposts/_form.html.erb (1.8ms)
  Rendered microposts/new.html.erb within layouts/application (2.7ms)
Completed 200 OK in 10ms (Views: 10.0ms | ActiveRecord: 0.0ms)


Started GET "/assets/application.css?body=1" for 127.0.0.1 at 2012-08-24 22:08:58 +0300
Served asset /application.css - 304 Not Modified (0ms)


Started GET "/assets/jquery.js?body=1" for 127.0.0.1 at 2012-08-24 22:08:58 +0300
Served asset /jquery.js - 304 Not Modified (0ms)


Started GET "/assets/jquery_ujs.js?body=1" for 127.0.0.1 at 2012-08-24 22:08:58 +0300
Served asset /jquery_ujs.js - 304 Not Modified (0ms)


Started GET "/assets/scaffolds.css?body=1" for 127.0.0.1 at 2012-08-24 22:08:58 +0300
Served asset /scaffolds.css - 304 Not Modified (0ms)


Started GET "/assets/microposts.css?body=1" for 127.0.0.1 at 2012-08-24 22:08:58 +0300
Served asset /microposts.css - 304 Not Modified (0ms)


Started GET "/assets/users.css?body=1" for 127.0.0.1 at 2012-08-24 22:08:58 +0300
Served asset /users.css - 304 Not Modified (0ms)


Started GET "/assets/users.js?body=1" for 127.0.0.1 at 2012-08-24 22:08:58 +0300
Served asset /users.js - 304 Not Modified (0ms)


Started GET "/assets/microposts.js?body=1" for 127.0.0.1 at 2012-08-24 22:08:58 +0300
Served asset /microposts.js - 304 Not Modified (0ms)


Started GET "/assets/application.js?body=1" for 127.0.0.1 at 2012-08-24 22:08:58 +0300
Served asset /application.js - 304 Not Modified (0ms)


Started POST "/microposts" for 127.0.0.1 at 2012-08-24 22:09:10 +0300
Processing by MicropostsController#create as HTML
  Parameters: {"utf8"=>"✓", "authenticity_token"=>"KBKadv9eRo063c4X622S3PbW9g/jt/GGydUXroWows0=", "micropost"=>{"content"=>"My happy started app", "user_id"=>"1"}, "commit"=>"Create Micropost"}
  [1m[36m (0.1ms)[0m  [1mbegin transaction[0m
  [1m[35mSQL (0.3ms)[0m  INSERT INTO "microposts" ("content", "created_at", "updated_at", "user_id") VALUES (?, ?, ?, ?)  [["content", "My happy started app"], ["created_at", Fri, 24 Aug 2012 19:09:10 UTC +00:00], ["updated_at", Fri, 24 Aug 2012 19:09:10 UTC +00:00], ["user_id", 1]]
  [1m[36m (9.5ms)[0m  [1mcommit transaction[0m
Redirected to http://localhost:3000/microposts/2
Completed 302 Found in 12ms (ActiveRecord: 9.9ms)


Started GET "/microposts/2" for 127.0.0.1 at 2012-08-24 22:09:10 +0300
Processing by MicropostsController#show as HTML
  Parameters: {"id"=>"2"}
  [1m[35mMicropost Load (0.1ms)[0m  SELECT "microposts".* FROM "microposts" WHERE "microposts"."id" = ? LIMIT 1  [["id", "2"]]
  Rendered microposts/show.html.erb within layouts/application (0.5ms)
Completed 200 OK in 25ms (Views: 4.2ms | ActiveRecord: 0.1ms)


Started GET "/assets/application.css?body=1" for 127.0.0.1 at 2012-08-24 22:09:10 +0300
Served asset /application.css - 304 Not Modified (0ms)


Started GET "/assets/jquery_ujs.js?body=1" for 127.0.0.1 at 2012-08-24 22:09:10 +0300
Served asset /jquery_ujs.js - 304 Not Modified (0ms)


Started GET "/assets/microposts.css?body=1" for 127.0.0.1 at 2012-08-24 22:09:10 +0300
Served asset /microposts.css - 304 Not Modified (0ms)


Started GET "/assets/jquery.js?body=1" for 127.0.0.1 at 2012-08-24 22:09:10 +0300
Served asset /jquery.js - 304 Not Modified (0ms)


Started GET "/assets/users.css?body=1" for 127.0.0.1 at 2012-08-24 22:09:10 +0300
Served asset /users.css - 304 Not Modified (0ms)


Started GET "/assets/scaffolds.css?body=1" for 127.0.0.1 at 2012-08-24 22:09:10 +0300
Served asset /scaffolds.css - 304 Not Modified (0ms)


Started GET "/assets/microposts.js?body=1" for 127.0.0.1 at 2012-08-24 22:09:10 +0300
Served asset /microposts.js - 304 Not Modified (0ms)


Started GET "/assets/users.js?body=1" for 127.0.0.1 at 2012-08-24 22:09:10 +0300
Served asset /users.js - 304 Not Modified (0ms)


Started GET "/assets/application.js?body=1" for 127.0.0.1 at 2012-08-24 22:09:10 +0300
Served asset /application.js - 304 Not Modified (0ms)


Started GET "/users" for 127.0.0.1 at 2012-08-24 22:09:14 +0300
Processing by UsersController#index as HTML
  [1m[36mUser Load (0.1ms)[0m  [1mSELECT "users".* FROM "users" [0m
  Rendered users/index.html.erb within layouts/application (1.8ms)
Completed 200 OK in 11ms (Views: 5.9ms | ActiveRecord: 0.3ms)


Started GET "/assets/application.css?body=1" for 127.0.0.1 at 2012-08-24 22:09:14 +0300
Served asset /application.css - 304 Not Modified (0ms)


Started GET "/assets/jquery_ujs.js?body=1" for 127.0.0.1 at 2012-08-24 22:09:14 +0300
Served asset /jquery_ujs.js - 304 Not Modified (0ms)


Started GET "/assets/jquery.js?body=1" for 127.0.0.1 at 2012-08-24 22:09:14 +0300
Served asset /jquery.js - 304 Not Modified (0ms)


Started GET "/assets/scaffolds.css?body=1" for 127.0.0.1 at 2012-08-24 22:09:14 +0300
Served asset /scaffolds.css - 304 Not Modified (0ms)


Started GET "/assets/microposts.css?body=1" for 127.0.0.1 at 2012-08-24 22:09:14 +0300
Served asset /microposts.css - 304 Not Modified (0ms)


Started GET "/assets/microposts.js?body=1" for 127.0.0.1 at 2012-08-24 22:09:14 +0300
Served asset /microposts.js - 304 Not Modified (0ms)


Started GET "/assets/users.css?body=1" for 127.0.0.1 at 2012-08-24 22:09:14 +0300
Served asset /users.css - 304 Not Modified (0ms)


Started GET "/assets/users.js?body=1" for 127.0.0.1 at 2012-08-24 22:09:14 +0300
Served asset /users.js - 304 Not Modified (0ms)


Started GET "/assets/application.js?body=1" for 127.0.0.1 at 2012-08-24 22:09:14 +0300
Served asset /application.js - 304 Not Modified (0ms)


Started GET "/users/new" for 127.0.0.1 at 2012-08-24 22:09:16 +0300
Processing by UsersController#new as HTML
  Rendered users/_form.html.erb (2.4ms)
  Rendered users/new.html.erb within layouts/application (3.7ms)
Completed 200 OK in 8ms (Views: 7.7ms | ActiveRecord: 0.0ms)


Started GET "/assets/application.css?body=1" for 127.0.0.1 at 2012-08-24 22:09:16 +0300
Served asset /application.css - 304 Not Modified (0ms)


Started GET "/assets/microposts.css?body=1" for 127.0.0.1 at 2012-08-24 22:09:16 +0300
Served asset /microposts.css - 304 Not Modified (0ms)


Started GET "/assets/users.css?body=1" for 127.0.0.1 at 2012-08-24 22:09:16 +0300
Served asset /users.css - 304 Not Modified (0ms)


Started GET "/assets/scaffolds.css?body=1" for 127.0.0.1 at 2012-08-24 22:09:16 +0300
Served asset /scaffolds.css - 304 Not Modified (0ms)


Started GET "/assets/jquery_ujs.js?body=1" for 127.0.0.1 at 2012-08-24 22:09:16 +0300
Served asset /jquery_ujs.js - 304 Not Modified (0ms)


Started GET "/assets/jquery.js?body=1" for 127.0.0.1 at 2012-08-24 22:09:16 +0300
Served asset /jquery.js - 304 Not Modified (0ms)


Started GET "/assets/users.js?body=1" for 127.0.0.1 at 2012-08-24 22:09:16 +0300
Served asset /users.js - 304 Not Modified (0ms)


Started GET "/assets/application.js?body=1" for 127.0.0.1 at 2012-08-24 22:09:16 +0300
Served asset /application.js - 304 Not Modified (0ms)


Started GET "/assets/microposts.js?body=1" for 127.0.0.1 at 2012-08-24 22:09:16 +0300
Served asset /microposts.js - 304 Not Modified (0ms)


Started POST "/users" for 127.0.0.1 at 2012-08-24 22:09:25 +0300
Processing by UsersController#create as HTML
  Parameters: {"utf8"=>"✓", "authenticity_token"=>"KBKadv9eRo063c4X622S3PbW9g/jt/GGydUXroWows0=", "user"=>{"name"=>"inno", "email"=>"inno@inno.com"}, "commit"=>"Create User"}
  [1m[35m (0.0ms)[0m  begin transaction
  [1m[36mSQL (0.5ms)[0m  [1mINSERT INTO "users" ("created_at", "email", "name", "updated_at") VALUES (?, ?, ?, ?)[0m  [["created_at", Fri, 24 Aug 2012 19:09:25 UTC +00:00], ["email", "inno@inno.com"], ["name", "inno"], ["updated_at", Fri, 24 Aug 2012 19:09:25 UTC +00:00]]
  [1m[35m (0.8ms)[0m  commit transaction
Redirected to http://localhost:3000/users/3
Completed 302 Found in 4ms (ActiveRecord: 1.3ms)


Started GET "/users/3" for 127.0.0.1 at 2012-08-24 22:09:25 +0300
Processing by UsersController#show as HTML
  Parameters: {"id"=>"3"}
  [1m[36mUser Load (0.2ms)[0m  [1mSELECT "users".* FROM "users" WHERE "users"."id" = ? LIMIT 1[0m  [["id", "3"]]
  Rendered users/show.html.erb within layouts/application (0.8ms)
Completed 200 OK in 5ms (Views: 4.5ms | ActiveRecord: 0.2ms)


Started GET "/assets/application.css?body=1" for 127.0.0.1 at 2012-08-24 22:09:25 +0300
Served asset /application.css - 304 Not Modified (0ms)


Started GET "/assets/scaffolds.css?body=1" for 127.0.0.1 at 2012-08-24 22:09:25 +0300
Served asset /scaffolds.css - 304 Not Modified (0ms)


Started GET "/assets/users.css?body=1" for 127.0.0.1 at 2012-08-24 22:09:25 +0300
Served asset /users.css - 304 Not Modified (0ms)


Started GET "/assets/jquery_ujs.js?body=1" for 127.0.0.1 at 2012-08-24 22:09:25 +0300
Served asset /jquery_ujs.js - 304 Not Modified (0ms)


Started GET "/assets/jquery.js?body=1" for 127.0.0.1 at 2012-08-24 22:09:25 +0300
Served asset /jquery.js - 304 Not Modified (0ms)


Started GET "/assets/microposts.css?body=1" for 127.0.0.1 at 2012-08-24 22:09:25 +0300
Served asset /microposts.css - 304 Not Modified (0ms)


Started GET "/assets/users.js?body=1" for 127.0.0.1 at 2012-08-24 22:09:25 +0300
Served asset /users.js - 304 Not Modified (0ms)


Started GET "/assets/microposts.js?body=1" for 127.0.0.1 at 2012-08-24 22:09:25 +0300
Served asset /microposts.js - 304 Not Modified (0ms)


Started GET "/assets/application.js?body=1" for 127.0.0.1 at 2012-08-24 22:09:25 +0300
Served asset /application.js - 304 Not Modified (0ms)


Started GET "/users" for 127.0.0.1 at 2012-08-24 22:09:26 +0300
Processing by UsersController#index as HTML
  [1m[35mUser Load (0.1ms)[0m  SELECT "users".* FROM "users" 
  Rendered users/index.html.erb within layouts/application (1.6ms)
Completed 200 OK in 7ms (Views: 6.0ms | ActiveRecord: 0.1ms)


Started GET "/assets/application.css?body=1" for 127.0.0.1 at 2012-08-24 22:09:26 +0300
Served asset /application.css - 304 Not Modified (0ms)


Started GET "/assets/microposts.css?body=1" for 127.0.0.1 at 2012-08-24 22:09:26 +0300
Served asset /microposts.css - 304 Not Modified (0ms)


Started GET "/assets/jquery_ujs.js?body=1" for 127.0.0.1 at 2012-08-24 22:09:26 +0300
Served asset /jquery_ujs.js - 304 Not Modified (0ms)


Started GET "/assets/users.css?body=1" for 127.0.0.1 at 2012-08-24 22:09:26 +0300
Served asset /users.css - 304 Not Modified (0ms)


Started GET "/assets/jquery.js?body=1" for 127.0.0.1 at 2012-08-24 22:09:26 +0300
Served asset /jquery.js - 304 Not Modified (0ms)


Started GET "/assets/scaffolds.css?body=1" for 127.0.0.1 at 2012-08-24 22:09:26 +0300
Served asset /scaffolds.css - 304 Not Modified (0ms)


Started GET "/assets/microposts.js?body=1" for 127.0.0.1 at 2012-08-24 22:09:26 +0300
Served asset /microposts.js - 304 Not Modified (0ms)


Started GET "/assets/users.js?body=1" for 127.0.0.1 at 2012-08-24 22:09:26 +0300
Served asset /users.js - 304 Not Modified (0ms)


Started GET "/assets/application.js?body=1" for 127.0.0.1 at 2012-08-24 22:09:26 +0300
Served asset /application.js - 304 Not Modified (0ms)


Started GET "/microposts" for 127.0.0.1 at 2012-08-24 22:09:32 +0300
Processing by MicropostsController#index as HTML
  [1m[36mMicropost Load (0.1ms)[0m  [1mSELECT "microposts".* FROM "microposts" [0m
  Rendered microposts/index.html.erb within layouts/application (1.4ms)
Completed 200 OK in 6ms (Views: 4.9ms | ActiveRecord: 0.1ms)


Started GET "/assets/application.css?body=1" for 127.0.0.1 at 2012-08-24 22:09:32 +0300
Served asset /application.css - 304 Not Modified (0ms)


Started GET "/assets/microposts.css?body=1" for 127.0.0.1 at 2012-08-24 22:09:32 +0300
Served asset /microposts.css - 304 Not Modified (0ms)


Started GET "/assets/jquery.js?body=1" for 127.0.0.1 at 2012-08-24 22:09:32 +0300
Served asset /jquery.js - 304 Not Modified (0ms)


Started GET "/assets/jquery_ujs.js?body=1" for 127.0.0.1 at 2012-08-24 22:09:32 +0300
Served asset /jquery_ujs.js - 304 Not Modified (0ms)


Started GET "/assets/scaffolds.css?body=1" for 127.0.0.1 at 2012-08-24 22:09:32 +0300
Served asset /scaffolds.css - 304 Not Modified (0ms)


Started GET "/assets/users.css?body=1" for 127.0.0.1 at 2012-08-24 22:09:32 +0300
Served asset /users.css - 304 Not Modified (0ms)


Started GET "/assets/microposts.js?body=1" for 127.0.0.1 at 2012-08-24 22:09:32 +0300
Served asset /microposts.js - 304 Not Modified (0ms)


Started GET "/assets/users.js?body=1" for 127.0.0.1 at 2012-08-24 22:09:32 +0300
Served asset /users.js - 304 Not Modified (0ms)


Started GET "/assets/application.js?body=1" for 127.0.0.1 at 2012-08-24 22:09:32 +0300
Served asset /application.js - 304 Not Modified (0ms)


Started GET "/microposts/1/edit" for 127.0.0.1 at 2012-08-24 22:09:35 +0300
Processing by MicropostsController#edit as HTML
  Parameters: {"id"=>"1"}
  [1m[35mMicropost Load (0.1ms)[0m  SELECT "microposts".* FROM "microposts" WHERE "microposts"."id" = ? LIMIT 1  [["id", "1"]]
  Rendered microposts/_form.html.erb (1.7ms)
  Rendered microposts/edit.html.erb within layouts/application (3.0ms)
Completed 200 OK in 8ms (Views: 7.2ms | ActiveRecord: 0.1ms)


Started GET "/assets/application.css?body=1" for 127.0.0.1 at 2012-08-24 22:09:35 +0300
Served asset /application.css - 304 Not Modified (0ms)


Started GET "/assets/microposts.css?body=1" for 127.0.0.1 at 2012-08-24 22:09:35 +0300
Served asset /microposts.css - 304 Not Modified (0ms)


Started GET "/assets/jquery.js?body=1" for 127.0.0.1 at 2012-08-24 22:09:35 +0300
Served asset /jquery.js - 304 Not Modified (0ms)


Started GET "/assets/scaffolds.css?body=1" for 127.0.0.1 at 2012-08-24 22:09:35 +0300
Served asset /scaffolds.css - 304 Not Modified (0ms)


Started GET "/assets/users.css?body=1" for 127.0.0.1 at 2012-08-24 22:09:35 +0300
Served asset /users.css - 304 Not Modified (0ms)


Started GET "/assets/jquery_ujs.js?body=1" for 127.0.0.1 at 2012-08-24 22:09:35 +0300
Served asset /jquery_ujs.js - 304 Not Modified (0ms)


Started GET "/assets/microposts.js?body=1" for 127.0.0.1 at 2012-08-24 22:09:35 +0300
Served asset /microposts.js - 304 Not Modified (0ms)


Started GET "/assets/users.js?body=1" for 127.0.0.1 at 2012-08-24 22:09:35 +0300
Served asset /users.js - 304 Not Modified (0ms)


Started GET "/assets/application.js?body=1" for 127.0.0.1 at 2012-08-24 22:09:35 +0300
Served asset /application.js - 304 Not Modified (0ms)


Started PUT "/microposts/1" for 127.0.0.1 at 2012-08-24 22:09:36 +0300
Processing by MicropostsController#update as HTML
  Parameters: {"utf8"=>"✓", "authenticity_token"=>"KBKadv9eRo063c4X622S3PbW9g/jt/GGydUXroWows0=", "micropost"=>{"content"=>"Trollollo", "user_id"=>"2"}, "commit"=>"Update Micropost", "id"=>"1"}
  [1m[36mMicropost Load (0.1ms)[0m  [1mSELECT "microposts".* FROM "microposts" WHERE "microposts"."id" = ? LIMIT 1[0m  [["id", "1"]]
  [1m[35m (0.0ms)[0m  begin transaction
  [1m[36m (0.3ms)[0m  [1mUPDATE "microposts" SET "user_id" = 2, "updated_at" = '2012-08-24 19:09:36.751444' WHERE "microposts"."id" = 1[0m
  [1m[35m (0.7ms)[0m  commit transaction
Redirected to http://localhost:3000/microposts/1
Completed 302 Found in 4ms (ActiveRecord: 1.1ms)


Started GET "/microposts/1" for 127.0.0.1 at 2012-08-24 22:09:36 +0300
Processing by MicropostsController#show as HTML
  Parameters: {"id"=>"1"}
  [1m[36mMicropost Load (0.1ms)[0m  [1mSELECT "microposts".* FROM "microposts" WHERE "microposts"."id" = ? LIMIT 1[0m  [["id", "1"]]
  Rendered microposts/show.html.erb within layouts/application (0.4ms)
Completed 200 OK in 5ms (Views: 3.9ms | ActiveRecord: 0.1ms)


Started GET "/assets/application.css?body=1" for 127.0.0.1 at 2012-08-24 22:09:36 +0300
Served asset /application.css - 304 Not Modified (0ms)


Started GET "/assets/microposts.css?body=1" for 127.0.0.1 at 2012-08-24 22:09:36 +0300
Served asset /microposts.css - 304 Not Modified (0ms)


Started GET "/assets/jquery_ujs.js?body=1" for 127.0.0.1 at 2012-08-24 22:09:36 +0300
Served asset /jquery_ujs.js - 304 Not Modified (0ms)


Started GET "/assets/jquery.js?body=1" for 127.0.0.1 at 2012-08-24 22:09:36 +0300
Served asset /jquery.js - 304 Not Modified (0ms)


Started GET "/assets/users.css?body=1" for 127.0.0.1 at 2012-08-24 22:09:36 +0300
Served asset /users.css - 304 Not Modified (0ms)


Started GET "/assets/scaffolds.css?body=1" for 127.0.0.1 at 2012-08-24 22:09:36 +0300
Served asset /scaffolds.css - 304 Not Modified (0ms)


Started GET "/assets/microposts.js?body=1" for 127.0.0.1 at 2012-08-24 22:09:36 +0300
Served asset /microposts.js - 304 Not Modified (0ms)


Started GET "/assets/users.js?body=1" for 127.0.0.1 at 2012-08-24 22:09:36 +0300
Served asset /users.js - 304 Not Modified (0ms)


Started GET "/assets/application.js?body=1" for 127.0.0.1 at 2012-08-24 22:09:36 +0300
Served asset /application.js - 304 Not Modified (0ms)


Started GET "/microposts" for 127.0.0.1 at 2012-08-24 22:09:38 +0300
Processing by MicropostsController#index as HTML
  [1m[35mMicropost Load (0.1ms)[0m  SELECT "microposts".* FROM "microposts" 
  Rendered microposts/index.html.erb within layouts/application (1.1ms)
Completed 200 OK in 5ms (Views: 4.5ms | ActiveRecord: 0.1ms)


Started GET "/assets/application.css?body=1" for 127.0.0.1 at 2012-08-24 22:09:38 +0300
Served asset /application.css - 304 Not Modified (0ms)


Started GET "/assets/microposts.css?body=1" for 127.0.0.1 at 2012-08-24 22:09:38 +0300
Served asset /microposts.css - 304 Not Modified (0ms)


Started GET "/assets/scaffolds.css?body=1" for 127.0.0.1 at 2012-08-24 22:09:38 +0300
Served asset /scaffolds.css - 304 Not Modified (0ms)


Started GET "/assets/jquery.js?body=1" for 127.0.0.1 at 2012-08-24 22:09:38 +0300
Served asset /jquery.js - 304 Not Modified (0ms)


Started GET "/assets/users.css?body=1" for 127.0.0.1 at 2012-08-24 22:09:38 +0300
Served asset /users.css - 304 Not Modified (0ms)


Started GET "/assets/jquery_ujs.js?body=1" for 127.0.0.1 at 2012-08-24 22:09:38 +0300
Served asset /jquery_ujs.js - 304 Not Modified (0ms)


Started GET "/assets/microposts.js?body=1" for 127.0.0.1 at 2012-08-24 22:09:38 +0300
Served asset /microposts.js - 304 Not Modified (0ms)


Started GET "/assets/application.js?body=1" for 127.0.0.1 at 2012-08-24 22:09:38 +0300
Served asset /application.js - 304 Not Modified (0ms)


Started GET "/assets/users.js?body=1" for 127.0.0.1 at 2012-08-24 22:09:38 +0300
Served asset /users.js - 304 Not Modified (0ms)


Started GET "/users" for 127.0.0.1 at 2012-08-24 22:10:10 +0300
Processing by UsersController#index as HTML
  [1m[36mUser Load (0.1ms)[0m  [1mSELECT "users".* FROM "users" [0m
  Rendered users/index.html.erb within layouts/application (1.3ms)
Completed 200 OK in 6ms (Views: 5.0ms | ActiveRecord: 0.1ms)


Started GET "/assets/application.css?body=1" for 127.0.0.1 at 2012-08-24 22:10:10 +0300
Served asset /application.css - 304 Not Modified (0ms)


Started GET "/assets/scaffolds.css?body=1" for 127.0.0.1 at 2012-08-24 22:10:10 +0300
Served asset /scaffolds.css - 304 Not Modified (0ms)


Started GET "/assets/microposts.css?body=1" for 127.0.0.1 at 2012-08-24 22:10:10 +0300
Served asset /microposts.css - 304 Not Modified (0ms)


Started GET "/assets/jquery_ujs.js?body=1" for 127.0.0.1 at 2012-08-24 22:10:10 +0300
Served asset /jquery_ujs.js - 304 Not Modified (0ms)


Started GET "/assets/users.css?body=1" for 127.0.0.1 at 2012-08-24 22:10:10 +0300
Served asset /users.css - 304 Not Modified (0ms)


Started GET "/assets/jquery.js?body=1" for 127.0.0.1 at 2012-08-24 22:10:10 +0300
Served asset /jquery.js - 304 Not Modified (0ms)


Started GET "/assets/microposts.js?body=1" for 127.0.0.1 at 2012-08-24 22:10:10 +0300
Served asset /microposts.js - 304 Not Modified (0ms)


Started GET "/assets/users.js?body=1" for 127.0.0.1 at 2012-08-24 22:10:10 +0300
Served asset /users.js - 304 Not Modified (0ms)


Started GET "/assets/application.js?body=1" for 127.0.0.1 at 2012-08-24 22:10:10 +0300
Served asset /application.js - 304 Not Modified (0ms)


Started GET "/users/1/edit" for 127.0.0.1 at 2012-08-24 22:10:14 +0300
Processing by UsersController#edit as HTML
  Parameters: {"id"=>"1"}
  [1m[35mUser Load (0.1ms)[0m  SELECT "users".* FROM "users" WHERE "users"."id" = ? LIMIT 1  [["id", "1"]]
  Rendered users/_form.html.erb (2.0ms)
  Rendered users/edit.html.erb within layouts/application (3.2ms)
Completed 200 OK in 20ms (Views: 19.5ms | ActiveRecord: 0.1ms)


Started GET "/assets/application.css?body=1" for 127.0.0.1 at 2012-08-24 22:10:14 +0300
Served asset /application.css - 304 Not Modified (0ms)


Started GET "/assets/microposts.css?body=1" for 127.0.0.1 at 2012-08-24 22:10:14 +0300
Served asset /microposts.css - 304 Not Modified (0ms)


Started GET "/assets/jquery.js?body=1" for 127.0.0.1 at 2012-08-24 22:10:14 +0300
Served asset /jquery.js - 304 Not Modified (0ms)


Started GET "/assets/jquery_ujs.js?body=1" for 127.0.0.1 at 2012-08-24 22:10:14 +0300
Served asset /jquery_ujs.js - 304 Not Modified (0ms)


Started GET "/assets/users.css?body=1" for 127.0.0.1 at 2012-08-24 22:10:14 +0300
Served asset /users.css - 304 Not Modified (0ms)


Started GET "/assets/scaffolds.css?body=1" for 127.0.0.1 at 2012-08-24 22:10:14 +0300
Served asset /scaffolds.css - 304 Not Modified (0ms)


Started GET "/assets/microposts.js?body=1" for 127.0.0.1 at 2012-08-24 22:10:14 +0300
Served asset /microposts.js - 304 Not Modified (0ms)


Started GET "/assets/users.js?body=1" for 127.0.0.1 at 2012-08-24 22:10:14 +0300
Served asset /users.js - 304 Not Modified (0ms)


Started GET "/assets/application.js?body=1" for 127.0.0.1 at 2012-08-24 22:10:14 +0300
Served asset /application.js - 304 Not Modified (0ms)


Started GET "/users/3/edit" for 127.0.0.1 at 2012-08-24 22:10:16 +0300
Processing by UsersController#edit as HTML
  Parameters: {"id"=>"3"}
  [1m[36mUser Load (0.1ms)[0m  [1mSELECT "users".* FROM "users" WHERE "users"."id" = ? LIMIT 1[0m  [["id", "3"]]
  Rendered users/_form.html.erb (1.4ms)
  Rendered users/edit.html.erb within layouts/application (2.2ms)
Completed 200 OK in 6ms (Views: 5.4ms | ActiveRecord: 0.1ms)


Started GET "/assets/application.css?body=1" for 127.0.0.1 at 2012-08-24 22:10:16 +0300
Served asset /application.css - 304 Not Modified (0ms)


Started GET "/assets/jquery.js?body=1" for 127.0.0.1 at 2012-08-24 22:10:16 +0300
Served asset /jquery.js - 304 Not Modified (0ms)


Started GET "/assets/users.css?body=1" for 127.0.0.1 at 2012-08-24 22:10:16 +0300
Served asset /users.css - 304 Not Modified (0ms)


Started GET "/assets/jquery_ujs.js?body=1" for 127.0.0.1 at 2012-08-24 22:10:16 +0300
Served asset /jquery_ujs.js - 304 Not Modified (0ms)


Started GET "/assets/microposts.css?body=1" for 127.0.0.1 at 2012-08-24 22:10:16 +0300
Served asset /microposts.css - 304 Not Modified (0ms)


Started GET "/assets/scaffolds.css?body=1" for 127.0.0.1 at 2012-08-24 22:10:16 +0300
Served asset /scaffolds.css - 304 Not Modified (0ms)


Started GET "/assets/microposts.js?body=1" for 127.0.0.1 at 2012-08-24 22:10:16 +0300
Served asset /microposts.js - 304 Not Modified (0ms)


Started GET "/assets/users.js?body=1" for 127.0.0.1 at 2012-08-24 22:10:16 +0300
Served asset /users.js - 304 Not Modified (0ms)


Started GET "/assets/application.js?body=1" for 127.0.0.1 at 2012-08-24 22:10:16 +0300
Served asset /application.js - 304 Not Modified (0ms)


Started GET "/microposts/1/edit" for 127.0.0.1 at 2012-08-24 22:10:21 +0300
Processing by MicropostsController#edit as HTML
  Parameters: {"id"=>"1"}
  [1m[35mMicropost Load (0.1ms)[0m  SELECT "microposts".* FROM "microposts" WHERE "microposts"."id" = ? LIMIT 1  [["id", "1"]]
  Rendered microposts/_form.html.erb (1.9ms)
  Rendered microposts/edit.html.erb within layouts/application (2.7ms)
Completed 200 OK in 30ms (Views: 29.3ms | ActiveRecord: 0.1ms)


Started GET "/assets/application.css?body=1" for 127.0.0.1 at 2012-08-24 22:10:21 +0300
Served asset /application.css - 304 Not Modified (0ms)


Started GET "/assets/microposts.css?body=1" for 127.0.0.1 at 2012-08-24 22:10:21 +0300
Served asset /microposts.css - 304 Not Modified (0ms)


Started GET "/assets/users.css?body=1" for 127.0.0.1 at 2012-08-24 22:10:21 +0300
Served asset /users.css - 304 Not Modified (0ms)


Started GET "/assets/jquery_ujs.js?body=1" for 127.0.0.1 at 2012-08-24 22:10:21 +0300
Served asset /jquery_ujs.js - 304 Not Modified (0ms)


Started GET "/assets/scaffolds.css?body=1" for 127.0.0.1 at 2012-08-24 22:10:21 +0300
Served asset /scaffolds.css - 304 Not Modified (0ms)


Started GET "/assets/jquery.js?body=1" for 127.0.0.1 at 2012-08-24 22:10:21 +0300
Served asset /jquery.js - 304 Not Modified (0ms)


Started GET "/assets/microposts.js?body=1" for 127.0.0.1 at 2012-08-24 22:10:21 +0300
Served asset /microposts.js - 304 Not Modified (0ms)


Started GET "/assets/users.js?body=1" for 127.0.0.1 at 2012-08-24 22:10:21 +0300
Served asset /users.js - 304 Not Modified (0ms)


Started GET "/assets/application.js?body=1" for 127.0.0.1 at 2012-08-24 22:10:21 +0300
Served asset /application.js - 304 Not Modified (0ms)


Started PUT "/microposts/1" for 127.0.0.1 at 2012-08-24 22:10:22 +0300
Processing by MicropostsController#update as HTML
  Parameters: {"utf8"=>"✓", "authenticity_token"=>"KBKadv9eRo063c4X622S3PbW9g/jt/GGydUXroWows0=", "micropost"=>{"content"=>"Trollollo", "user_id"=>"4"}, "commit"=>"Update Micropost", "id"=>"1"}
  [1m[36mMicropost Load (0.1ms)[0m  [1mSELECT "microposts".* FROM "microposts" WHERE "microposts"."id" = ? LIMIT 1[0m  [["id", "1"]]
  [1m[35m (0.0ms)[0m  begin transaction
  [1m[36m (0.2ms)[0m  [1mUPDATE "microposts" SET "user_id" = 4, "updated_at" = '2012-08-24 19:10:22.805497' WHERE "microposts"."id" = 1[0m
  [1m[35m (0.8ms)[0m  commit transaction
Redirected to http://localhost:3000/microposts/1
Completed 302 Found in 3ms (ActiveRecord: 1.1ms)


Started GET "/microposts/1" for 127.0.0.1 at 2012-08-24 22:10:22 +0300
Processing by MicropostsController#show as HTML
  Parameters: {"id"=>"1"}
  [1m[36mMicropost Load (0.1ms)[0m  [1mSELECT "microposts".* FROM "microposts" WHERE "microposts"."id" = ? LIMIT 1[0m  [["id", "1"]]
  Rendered microposts/show.html.erb within layouts/application (0.4ms)
Completed 200 OK in 5ms (Views: 3.9ms | ActiveRecord: 0.1ms)


Started GET "/assets/application.css?body=1" for 127.0.0.1 at 2012-08-24 22:10:22 +0300
Served asset /application.css - 304 Not Modified (0ms)


Started GET "/assets/users.css?body=1" for 127.0.0.1 at 2012-08-24 22:10:22 +0300
Served asset /users.css - 304 Not Modified (0ms)


Started GET "/assets/microposts.css?body=1" for 127.0.0.1 at 2012-08-24 22:10:22 +0300
Served asset /microposts.css - 304 Not Modified (0ms)


Started GET "/assets/jquery.js?body=1" for 127.0.0.1 at 2012-08-24 22:10:22 +0300
Served asset /jquery.js - 304 Not Modified (0ms)


Started GET "/assets/scaffolds.css?body=1" for 127.0.0.1 at 2012-08-24 22:10:22 +0300
Served asset /scaffolds.css - 304 Not Modified (0ms)


Started GET "/assets/jquery_ujs.js?body=1" for 127.0.0.1 at 2012-08-24 22:10:22 +0300
Served asset /jquery_ujs.js - 304 Not Modified (0ms)


Started GET "/assets/microposts.js?body=1" for 127.0.0.1 at 2012-08-24 22:10:22 +0300
Served asset /microposts.js - 304 Not Modified (0ms)


Started GET "/assets/users.js?body=1" for 127.0.0.1 at 2012-08-24 22:10:22 +0300
Served asset /users.js - 304 Not Modified (0ms)


Started GET "/assets/application.js?body=1" for 127.0.0.1 at 2012-08-24 22:10:22 +0300
Served asset /application.js - 304 Not Modified (0ms)


Started GET "/microposts/1/edit" for 127.0.0.1 at 2012-08-24 22:10:24 +0300
Processing by MicropostsController#edit as HTML
  Parameters: {"id"=>"1"}
  [1m[35mMicropost Load (0.1ms)[0m  SELECT "microposts".* FROM "microposts" WHERE "microposts"."id" = ? LIMIT 1  [["id", "1"]]
  Rendered microposts/_form.html.erb (1.4ms)
  Rendered microposts/edit.html.erb within layouts/application (2.2ms)
Completed 200 OK in 6ms (Views: 5.5ms | ActiveRecord: 0.1ms)


Started GET "/assets/application.css?body=1" for 127.0.0.1 at 2012-08-24 22:10:24 +0300
Served asset /application.css - 304 Not Modified (0ms)


Started GET "/assets/microposts.css?body=1" for 127.0.0.1 at 2012-08-24 22:10:24 +0300
Served asset /microposts.css - 304 Not Modified (0ms)


Started GET "/assets/users.css?body=1" for 127.0.0.1 at 2012-08-24 22:10:24 +0300
Served asset /users.css - 304 Not Modified (0ms)


Started GET "/assets/jquery_ujs.js?body=1" for 127.0.0.1 at 2012-08-24 22:10:24 +0300
Served asset /jquery_ujs.js - 304 Not Modified (0ms)


Started GET "/assets/scaffolds.css?body=1" for 127.0.0.1 at 2012-08-24 22:10:24 +0300
Served asset /scaffolds.css - 304 Not Modified (0ms)


Started GET "/assets/microposts.js?body=1" for 127.0.0.1 at 2012-08-24 22:10:24 +0300
Served asset /microposts.js - 304 Not Modified (0ms)


Started GET "/assets/application.js?body=1" for 127.0.0.1 at 2012-08-24 22:10:24 +0300
Served asset /application.js - 304 Not Modified (0ms)


Started GET "/assets/users.js?body=1" for 127.0.0.1 at 2012-08-24 22:10:24 +0300
Served asset /users.js - 304 Not Modified (0ms)


Started GET "/assets/jquery.js?body=1" for 127.0.0.1 at 2012-08-24 22:10:24 +0300
Served asset /jquery.js - 304 Not Modified (0ms)


Started PUT "/microposts/1" for 127.0.0.1 at 2012-08-24 22:10:25 +0300
Processing by MicropostsController#update as HTML
  Parameters: {"utf8"=>"✓", "authenticity_token"=>"KBKadv9eRo063c4X622S3PbW9g/jt/GGydUXroWows0=", "micropost"=>{"content"=>"Trollollo", "user_id"=>"3"}, "commit"=>"Update Micropost", "id"=>"1"}
  [1m[36mMicropost Load (0.1ms)[0m  [1mSELECT "microposts".* FROM "microposts" WHERE "microposts"."id" = ? LIMIT 1[0m  [["id", "1"]]
  [1m[35m (0.0ms)[0m  begin transaction
  [1m[36m (0.2ms)[0m  [1mUPDATE "microposts" SET "user_id" = 3, "updated_at" = '2012-08-24 19:10:25.350160' WHERE "microposts"."id" = 1[0m
  [1m[35m (0.9ms)[0m  commit transaction
Redirected to http://localhost:3000/microposts/1
Completed 302 Found in 3ms (ActiveRecord: 1.2ms)


Started GET "/microposts/1" for 127.0.0.1 at 2012-08-24 22:10:25 +0300
Processing by MicropostsController#show as HTML
  Parameters: {"id"=>"1"}
  [1m[36mMicropost Load (0.1ms)[0m  [1mSELECT "microposts".* FROM "microposts" WHERE "microposts"."id" = ? LIMIT 1[0m  [["id", "1"]]
  Rendered microposts/show.html.erb within layouts/application (0.4ms)
Completed 200 OK in 8ms (Views: 7.2ms | ActiveRecord: 0.1ms)


Started GET "/assets/application.css?body=1" for 127.0.0.1 at 2012-08-24 22:10:25 +0300
Served asset /application.css - 304 Not Modified (0ms)


Started GET "/assets/jquery_ujs.js?body=1" for 127.0.0.1 at 2012-08-24 22:10:25 +0300
Served asset /jquery_ujs.js - 304 Not Modified (0ms)


Started GET "/assets/users.css?body=1" for 127.0.0.1 at 2012-08-24 22:10:25 +0300
Served asset /users.css - 304 Not Modified (0ms)


Started GET "/assets/microposts.css?body=1" for 127.0.0.1 at 2012-08-24 22:10:25 +0300
Served asset /microposts.css - 304 Not Modified (0ms)


Started GET "/assets/jquery.js?body=1" for 127.0.0.1 at 2012-08-24 22:10:25 +0300
Served asset /jquery.js - 304 Not Modified (0ms)


Started GET "/assets/scaffolds.css?body=1" for 127.0.0.1 at 2012-08-24 22:10:25 +0300
Served asset /scaffolds.css - 304 Not Modified (0ms)


Started GET "/assets/microposts.js?body=1" for 127.0.0.1 at 2012-08-24 22:10:25 +0300
Served asset /microposts.js - 304 Not Modified (0ms)


Started GET "/assets/users.js?body=1" for 127.0.0.1 at 2012-08-24 22:10:25 +0300
Served asset /users.js - 304 Not Modified (0ms)


Started GET "/assets/application.js?body=1" for 127.0.0.1 at 2012-08-24 22:10:25 +0300
Served asset /application.js - 304 Not Modified (0ms)


Started GET "/microposts" for 127.0.0.1 at 2012-08-24 22:10:26 +0300
Processing by MicropostsController#index as HTML
  [1m[35mMicropost Load (0.1ms)[0m  SELECT "microposts".* FROM "microposts" 
  Rendered microposts/index.html.erb within layouts/application (1.1ms)
Completed 200 OK in 5ms (Views: 4.5ms | ActiveRecord: 0.1ms)


Started GET "/assets/application.css?body=1" for 127.0.0.1 at 2012-08-24 22:10:26 +0300
Served asset /application.css - 304 Not Modified (0ms)


Started GET "/assets/scaffolds.css?body=1" for 127.0.0.1 at 2012-08-24 22:10:26 +0300
Served asset /scaffolds.css - 304 Not Modified (0ms)


Started GET "/assets/users.css?body=1" for 127.0.0.1 at 2012-08-24 22:10:26 +0300
Served asset /users.css - 304 Not Modified (0ms)


Started GET "/assets/microposts.css?body=1" for 127.0.0.1 at 2012-08-24 22:10:26 +0300
Served asset /microposts.css - 304 Not Modified (0ms)


Started GET "/assets/jquery.js?body=1" for 127.0.0.1 at 2012-08-24 22:10:26 +0300
Served asset /jquery.js - 304 Not Modified (0ms)


Started GET "/assets/microposts.js?body=1" for 127.0.0.1 at 2012-08-24 22:10:26 +0300
Served asset /microposts.js - 304 Not Modified (0ms)


Started GET "/assets/jquery_ujs.js?body=1" for 127.0.0.1 at 2012-08-24 22:10:26 +0300
Served asset /jquery_ujs.js - 304 Not Modified (0ms)


Started GET "/assets/users.js?body=1" for 127.0.0.1 at 2012-08-24 22:10:26 +0300
Served asset /users.js - 304 Not Modified (0ms)


Started GET "/assets/application.js?body=1" for 127.0.0.1 at 2012-08-24 22:10:26 +0300
Served asset /application.js - 304 Not Modified (0ms)


Started GET "/assets/rails.png" for 127.0.0.1 at 2012-08-24 22:10:29 +0300
Served asset /rails.png - 304 Not Modified (4ms)


Started GET "/microposts" for 127.0.0.1 at 2012-08-24 22:12:30 +0300

ArgumentError (Unknown validator: 'LenghtValidator'):
  app/models/micropost.rb:2:in `<class:Micropost>'
  app/models/micropost.rb:1:in `<top (required)>'
  app/controllers/microposts_controller.rb:1:in `<top (required)>'


  Rendered /Users/bender/.rvm/gems/ruby-1.9.3-p194/gems/actionpack-3.2.8/lib/action_dispatch/middleware/templates/rescues/_trace.erb (0.9ms)
  Rendered /Users/bender/.rvm/gems/ruby-1.9.3-p194/gems/actionpack-3.2.8/lib/action_dispatch/middleware/templates/rescues/_request_and_response.erb (0.6ms)
  Rendered /Users/bender/.rvm/gems/ruby-1.9.3-p194/gems/actionpack-3.2.8/lib/action_dispatch/middleware/templates/rescues/diagnostics.erb within rescues/layout (14.6ms)


Started GET "/microposts" for 127.0.0.1 at 2012-08-24 22:12:53 +0300
Processing by MicropostsController#index as HTML
  [1m[36mMicropost Load (0.1ms)[0m  [1mSELECT "microposts".* FROM "microposts" [0m
  Rendered microposts/index.html.erb within layouts/application (1.7ms)
Completed 200 OK in 10ms (Views: 5.3ms | ActiveRecord: 0.4ms)


Started GET "/assets/application.css?body=1" for 127.0.0.1 at 2012-08-24 22:12:53 +0300
Served asset /application.css - 304 Not Modified (0ms)


Started GET "/assets/microposts.css?body=1" for 127.0.0.1 at 2012-08-24 22:12:54 +0300
Served asset /microposts.css - 304 Not Modified (0ms)


Started GET "/assets/scaffolds.css?body=1" for 127.0.0.1 at 2012-08-24 22:12:54 +0300
Served asset /scaffolds.css - 304 Not Modified (0ms)


Started GET "/assets/jquery.js?body=1" for 127.0.0.1 at 2012-08-24 22:12:54 +0300
Served asset /jquery.js - 304 Not Modified (0ms)


Started GET "/assets/jquery_ujs.js?body=1" for 127.0.0.1 at 2012-08-24 22:12:54 +0300
Served asset /jquery_ujs.js - 304 Not Modified (0ms)


Started GET "/assets/users.css?body=1" for 127.0.0.1 at 2012-08-24 22:12:54 +0300
Served asset /users.css - 304 Not Modified (0ms)


Started GET "/assets/microposts.js?body=1" for 127.0.0.1 at 2012-08-24 22:12:54 +0300
Served asset /microposts.js - 304 Not Modified (0ms)


Started GET "/assets/users.js?body=1" for 127.0.0.1 at 2012-08-24 22:12:54 +0300
Served asset /users.js - 304 Not Modified (0ms)


Started GET "/assets/application.js?body=1" for 127.0.0.1 at 2012-08-24 22:12:54 +0300
Served asset /application.js - 304 Not Modified (0ms)


Started GET "/microposts" for 127.0.0.1 at 2012-08-24 22:12:57 +0300
Processing by MicropostsController#index as HTML
  [1m[35mMicropost Load (0.1ms)[0m  SELECT "microposts".* FROM "microposts" 
  Rendered microposts/index.html.erb within layouts/application (1.2ms)
Completed 200 OK in 6ms (Views: 5.4ms | ActiveRecord: 0.1ms)


Started GET "/assets/application.css?body=1" for 127.0.0.1 at 2012-08-24 22:12:57 +0300
Served asset /application.css - 304 Not Modified (0ms)


Started GET "/assets/jquery_ujs.js?body=1" for 127.0.0.1 at 2012-08-24 22:12:57 +0300
Served asset /jquery_ujs.js - 304 Not Modified (0ms)


Started GET "/assets/jquery.js?body=1" for 127.0.0.1 at 2012-08-24 22:12:57 +0300
Served asset /jquery.js - 304 Not Modified (0ms)


Started GET "/assets/microposts.css?body=1" for 127.0.0.1 at 2012-08-24 22:12:57 +0300
Served asset /microposts.css - 304 Not Modified (0ms)


Started GET "/assets/scaffolds.css?body=1" for 127.0.0.1 at 2012-08-24 22:12:57 +0300
Served asset /scaffolds.css - 304 Not Modified (0ms)


Started GET "/assets/users.css?body=1" for 127.0.0.1 at 2012-08-24 22:12:57 +0300
Served asset /users.css - 304 Not Modified (0ms)


Started GET "/assets/microposts.js?body=1" for 127.0.0.1 at 2012-08-24 22:12:57 +0300
Served asset /microposts.js - 304 Not Modified (0ms)


Started GET "/assets/users.js?body=1" for 127.0.0.1 at 2012-08-24 22:12:57 +0300
Served asset /users.js - 304 Not Modified (0ms)


Started GET "/assets/application.js?body=1" for 127.0.0.1 at 2012-08-24 22:12:57 +0300
Served asset /application.js - 304 Not Modified (0ms)


Started GET "/microposts/new" for 127.0.0.1 at 2012-08-24 22:12:59 +0300
Processing by MicropostsController#new as HTML
  Rendered microposts/_form.html.erb (1.4ms)
  Rendered microposts/new.html.erb within layouts/application (1.9ms)
Completed 200 OK in 6ms (Views: 5.5ms | ActiveRecord: 0.0ms)


Started GET "/assets/application.css?body=1" for 127.0.0.1 at 2012-08-24 22:12:59 +0300
Served asset /application.css - 304 Not Modified (0ms)


Started GET "/assets/jquery.js?body=1" for 127.0.0.1 at 2012-08-24 22:12:59 +0300
Served asset /jquery.js - 304 Not Modified (0ms)


Started GET "/assets/scaffolds.css?body=1" for 127.0.0.1 at 2012-08-24 22:12:59 +0300
Served asset /scaffolds.css - 304 Not Modified (0ms)


Started GET "/assets/microposts.css?body=1" for 127.0.0.1 at 2012-08-24 22:12:59 +0300
Served asset /microposts.css - 304 Not Modified (0ms)


Started GET "/assets/users.css?body=1" for 127.0.0.1 at 2012-08-24 22:12:59 +0300
Served asset /users.css - 304 Not Modified (0ms)


Started GET "/assets/microposts.js?body=1" for 127.0.0.1 at 2012-08-24 22:12:59 +0300
Served asset /microposts.js - 304 Not Modified (0ms)


Started GET "/assets/users.js?body=1" for 127.0.0.1 at 2012-08-24 22:12:59 +0300
Served asset /users.js - 304 Not Modified (0ms)


Started GET "/assets/application.js?body=1" for 127.0.0.1 at 2012-08-24 22:12:59 +0300
Served asset /application.js - 304 Not Modified (0ms)


Started GET "/assets/jquery_ujs.js?body=1" for 127.0.0.1 at 2012-08-24 22:13:00 +0300
Served asset /jquery_ujs.js - 304 Not Modified (0ms)


Started POST "/microposts" for 127.0.0.1 at 2012-08-24 22:13:09 +0300
Processing by MicropostsController#create as HTML
  Parameters: {"utf8"=>"✓", "authenticity_token"=>"KBKadv9eRo063c4X622S3PbW9g/jt/GGydUXroWows0=", "micropost"=>{"content"=>"ddfsfasdf asdgf nasdlkgh laskdgh lasdhf asbg asjdhg gaf adhsfgajshdgasdjg .anbdlfkgb abg agasdg", "user_id"=>"1"}, "commit"=>"Create Micropost"}
  [1m[36m (0.1ms)[0m  [1mbegin transaction[0m
  [1m[35mSQL (0.4ms)[0m  INSERT INTO "microposts" ("content", "created_at", "updated_at", "user_id") VALUES (?, ?, ?, ?)  [["content", "ddfsfasdf asdgf nasdlkgh laskdgh lasdhf asbg asjdhg gaf adhsfgajshdgasdjg .anbdlfkgb abg agasdg"], ["created_at", Fri, 24 Aug 2012 19:13:09 UTC +00:00], ["updated_at", Fri, 24 Aug 2012 19:13:09 UTC +00:00], ["user_id", 1]]
  [1m[36m (0.7ms)[0m  [1mcommit transaction[0m
Redirected to http://localhost:3000/microposts/3
Completed 302 Found in 4ms (ActiveRecord: 1.2ms)


Started GET "/microposts/3" for 127.0.0.1 at 2012-08-24 22:13:09 +0300
Processing by MicropostsController#show as HTML
  Parameters: {"id"=>"3"}
  [1m[35mMicropost Load (0.2ms)[0m  SELECT "microposts".* FROM "microposts" WHERE "microposts"."id" = ? LIMIT 1  [["id", "3"]]
  Rendered microposts/show.html.erb within layouts/application (0.5ms)
Completed 200 OK in 6ms (Views: 4.3ms | ActiveRecord: 0.2ms)


Started GET "/assets/application.css?body=1" for 127.0.0.1 at 2012-08-24 22:13:09 +0300
Served asset /application.css - 304 Not Modified (0ms)


Started GET "/assets/jquery.js?body=1" for 127.0.0.1 at 2012-08-24 22:13:09 +0300
Served asset /jquery.js - 304 Not Modified (0ms)


Started GET "/assets/scaffolds.css?body=1" for 127.0.0.1 at 2012-08-24 22:13:09 +0300
Served asset /scaffolds.css - 304 Not Modified (0ms)


Started GET "/assets/jquery_ujs.js?body=1" for 127.0.0.1 at 2012-08-24 22:13:09 +0300
Served asset /jquery_ujs.js - 304 Not Modified (0ms)


Started GET "/assets/microposts.css?body=1" for 127.0.0.1 at 2012-08-24 22:13:09 +0300
Served asset /microposts.css - 304 Not Modified (0ms)


Started GET "/assets/users.css?body=1" for 127.0.0.1 at 2012-08-24 22:13:09 +0300
Served asset /users.css - 304 Not Modified (0ms)


Started GET "/assets/microposts.js?body=1" for 127.0.0.1 at 2012-08-24 22:13:09 +0300
Served asset /microposts.js - 304 Not Modified (0ms)


Started GET "/assets/users.js?body=1" for 127.0.0.1 at 2012-08-24 22:13:09 +0300
Served asset /users.js - 304 Not Modified (0ms)


Started GET "/assets/application.js?body=1" for 127.0.0.1 at 2012-08-24 22:13:09 +0300
Served asset /application.js - 304 Not Modified (0ms)


Started GET "/microposts" for 127.0.0.1 at 2012-08-24 22:13:14 +0300
Processing by MicropostsController#index as HTML
  [1m[36mMicropost Load (0.1ms)[0m  [1mSELECT "microposts".* FROM "microposts" [0m
  Rendered microposts/index.html.erb within layouts/application (2.2ms)
Completed 200 OK in 7ms (Views: 6.4ms | ActiveRecord: 0.1ms)


Started GET "/assets/application.css?body=1" for 127.0.0.1 at 2012-08-24 22:13:14 +0300
Served asset /application.css - 304 Not Modified (0ms)


Started GET "/assets/microposts.css?body=1" for 127.0.0.1 at 2012-08-24 22:13:14 +0300
Served asset /microposts.css - 304 Not Modified (0ms)


Started GET "/assets/users.css?body=1" for 127.0.0.1 at 2012-08-24 22:13:14 +0300
Served asset /users.css - 304 Not Modified (0ms)


Started GET "/assets/jquery_ujs.js?body=1" for 127.0.0.1 at 2012-08-24 22:13:14 +0300
Served asset /jquery_ujs.js - 304 Not Modified (0ms)


Started GET "/assets/scaffolds.css?body=1" for 127.0.0.1 at 2012-08-24 22:13:14 +0300
Served asset /scaffolds.css - 304 Not Modified (0ms)


Started GET "/assets/jquery.js?body=1" for 127.0.0.1 at 2012-08-24 22:13:14 +0300
Served asset /jquery.js - 304 Not Modified (0ms)


Started GET "/assets/microposts.js?body=1" for 127.0.0.1 at 2012-08-24 22:13:14 +0300
Served asset /microposts.js - 304 Not Modified (0ms)


Started GET "/assets/application.js?body=1" for 127.0.0.1 at 2012-08-24 22:13:14 +0300
Served asset /application.js - 304 Not Modified (0ms)


Started GET "/assets/users.js?body=1" for 127.0.0.1 at 2012-08-24 22:13:14 +0300
Served asset /users.js - 304 Not Modified (0ms)


Started GET "/microposts/new" for 127.0.0.1 at 2012-08-24 22:13:16 +0300
Processing by MicropostsController#new as HTML
  Rendered microposts/_form.html.erb (1.3ms)
  Rendered microposts/new.html.erb within layouts/application (1.8ms)
Completed 200 OK in 28ms (Views: 27.9ms | ActiveRecord: 0.0ms)


Started GET "/assets/application.css?body=1" for 127.0.0.1 at 2012-08-24 22:13:16 +0300
Served asset /application.css - 304 Not Modified (0ms)


Started GET "/assets/users.css?body=1" for 127.0.0.1 at 2012-08-24 22:13:16 +0300
Served asset /users.css - 304 Not Modified (0ms)


Started GET "/assets/jquery_ujs.js?body=1" for 127.0.0.1 at 2012-08-24 22:13:16 +0300
Served asset /jquery_ujs.js - 304 Not Modified (0ms)


Started GET "/assets/microposts.css?body=1" for 127.0.0.1 at 2012-08-24 22:13:16 +0300
Served asset /microposts.css - 304 Not Modified (0ms)


Started GET "/assets/scaffolds.css?body=1" for 127.0.0.1 at 2012-08-24 22:13:16 +0300
Served asset /scaffolds.css - 304 Not Modified (0ms)


Started GET "/assets/jquery.js?body=1" for 127.0.0.1 at 2012-08-24 22:13:16 +0300
Served asset /jquery.js - 304 Not Modified (0ms)


Started GET "/assets/microposts.js?body=1" for 127.0.0.1 at 2012-08-24 22:13:16 +0300
Served asset /microposts.js - 304 Not Modified (0ms)


Started GET "/assets/users.js?body=1" for 127.0.0.1 at 2012-08-24 22:13:16 +0300
Served asset /users.js - 304 Not Modified (0ms)


Started GET "/assets/application.js?body=1" for 127.0.0.1 at 2012-08-24 22:13:16 +0300
Served asset /application.js - 304 Not Modified (0ms)


Started POST "/microposts" for 127.0.0.1 at 2012-08-24 22:13:33 +0300
Processing by MicropostsController#create as HTML
  Parameters: {"utf8"=>"✓", "authenticity_token"=>"KBKadv9eRo063c4X622S3PbW9g/jt/GGydUXroWows0=", "micropost"=>{"content"=>"dsfgsdfgsdfgsdgkls dlgkjsd;ljghlsdjhlsdjhljds;lhjlsdjhlksjhlkjsflkghjfslkhgjlksf;jhl;sgjhl;ksfjghlkjsflkhgjsflkhjsfljhf;lshjsfl;hjlsf;jh;lsfjhl;sfjhl;sfjhl;sfjghjl;fshjl;sfjhljfshjsfl;jh;sfjhoirtujhoiprtngwjbnhkdnb;lkaejrbh3g5u98h53ugnwg907wijn3gf9vwu3ipjngkdbgsdyfgb908aupgnadjk;gbadof;gn adfjghad9pfujv09wnvutwejgnbpsd8fynbsdifnhgkdbfugpnbsghsgh", "user_id"=>"1"}, "commit"=>"Create Micropost"}
  [1m[35m (0.0ms)[0m  begin transaction
  [1m[36m (0.0ms)[0m  [1mrollback transaction[0m
  Rendered microposts/_form.html.erb (9.0ms)
  Rendered microposts/new.html.erb within layouts/application (9.8ms)
Completed 200 OK in 15ms (Views: 13.8ms | ActiveRecord: 0.1ms)


Started GET "/assets/application.css?body=1" for 127.0.0.1 at 2012-08-24 22:13:33 +0300
Served asset /application.css - 304 Not Modified (0ms)


Started GET "/assets/scaffolds.css?body=1" for 127.0.0.1 at 2012-08-24 22:13:33 +0300
Served asset /scaffolds.css - 304 Not Modified (0ms)


Started GET "/assets/microposts.css?body=1" for 127.0.0.1 at 2012-08-24 22:13:33 +0300
Served asset /microposts.css - 304 Not Modified (0ms)


Started GET "/assets/jquery.js?body=1" for 127.0.0.1 at 2012-08-24 22:13:33 +0300
Served asset /jquery.js - 304 Not Modified (0ms)


Started GET "/assets/users.css?body=1" for 127.0.0.1 at 2012-08-24 22:13:33 +0300
Served asset /users.css - 304 Not Modified (0ms)


Started GET "/assets/microposts.js?body=1" for 127.0.0.1 at 2012-08-24 22:13:33 +0300
Served asset /microposts.js - 304 Not Modified (0ms)


Started GET "/assets/jquery_ujs.js?body=1" for 127.0.0.1 at 2012-08-24 22:13:33 +0300
Served asset /jquery_ujs.js - 304 Not Modified (0ms)


Started GET "/assets/users.js?body=1" for 127.0.0.1 at 2012-08-24 22:13:33 +0300
Served asset /users.js - 304 Not Modified (0ms)


Started GET "/assets/application.js?body=1" for 127.0.0.1 at 2012-08-24 22:13:33 +0300
Served asset /application.js - 304 Not Modified (0ms)
Connecting to database specified by database.yml
Connecting to database specified by database.yml
  [1m[36m (0.1ms)[0m  [1mSELECT "schema_migrations"."version" FROM "schema_migrations" [0m
Migrating to CreateUsers (20120824181417)
Migrating to CreateMicroposts (20120824183757)
  [1m[35m (0.2ms)[0m  select sqlite_version(*)
  [1m[36m (0.1ms)[0m  [1mSELECT "schema_migrations"."version" FROM "schema_migrations" [0m
  [1m[35m (0.0ms)[0m  PRAGMA index_list("microposts")
  [1m[36m (0.0ms)[0m  [1mPRAGMA index_list("users")[0m
Connecting to database specified by database.yml
